2025-12-04 16:37:00 | Checking https://www.amazon.ca/dp/B0DGJJKWW7

============================================================
AMAZON.CA RESULT
============================================================
Product: Apple AirPods 4 Wireless Earbuds, Bluetooth Headphones, with Active Noise Cancellation, Adaptive Audio, Transparency Mode, Personalized Spatial Audio, USB-C Charging Case, Wireless Charging, H2 Chip
Status: IN STOCK (high)
Deal Price: 
URL       : https://www.amazon.ca/dp/B0DGJJKWW7
============================================================

HIGH CONFIDENCE – Sending SMS alert...
SMS sent successfully! MessageId: b20e1dce-a06b-5537-a4c6-7c628b00507a

2025-12-04 18:00:23 | Checking https://www.amazon.ca/dp/B0DGJJKWW7

============================================================
AMAZON.CA RESULT
============================================================
Product: Apple AirPods 4 Wireless Earbuds, Bluetooth Headphones, with Active Noise Cancellation, Adaptive Audio, Transparency Mode, Personalized Spatial Audio, USB-C Charging Case, Wireless Charging, H2 Chip
Status: OUT OF STOCK (high)
Deal Price: None
URL       : https://www.amazon.ca/dp/B0DGJJKWW7
============================================================

No high-confidence stock → No SMS

2025-12-04 20:00:28 | Checking https://www.amazon.ca/dp/B0DGJJKWW7

============================================================
AMAZON.CA RESULT
============================================================
Product: Apple AirPods 4 Wireless Earbuds, Bluetooth Headphones, with Active Noise Cancellation, Adaptive Audio, Transparency Mode, Personalized Spatial Audio, USB-C Charging Case, Wireless Charging, H2 Chip
Status: OUT OF STOCK (high)
Deal Price: None
URL       : https://www.amazon.ca/dp/B0DGJJKWW7
============================================================

No high-confidence stock → No SMS

2025-12-04 22:00:32 | Checking https://www.amazon.ca/dp/B0DGJJKWW7

============================================================
AMAZON.CA RESULT
============================================================
Product: Apple AirPods 4 Wireless Earbuds, Bluetooth Headphones, with Active Noise Cancellation, Adaptive Audio, Transparency Mode, Personalized Spatial Audio, USB-C Charging Case, Wireless Charging, H2 Chip
Status: OUT OF STOCK (high)
Deal Price: None
URL       : https://www.amazon.ca/dp/B0DGJJKWW7
============================================================

No high-confidence stock → No SMS

2025-12-05 10:00:25 | Checking https://www.amazon.ca/dp/B0DGJJKWW7

============================================================
AMAZON.CA RESULT
============================================================
Product: Apple AirPods 4 Wireless Earbuds, Bluetooth Headphones, with Active Noise Cancellation, Adaptive Audio, Transparency Mode, Personalized Spatial Audio, USB-C Charging Case, Wireless Charging, H2 Chip
Status: OUT OF STOCK (high)
Deal Price: None
URL       : https://www.amazon.ca/dp/B0DGJJKWW7
============================================================

No high-confidence stock → No SMS

2025-12-05 12:00:29 | Checking https://www.amazon.ca/dp/B0DGJJKWW7

============================================================
AMAZON.CA RESULT
============================================================
Product: Apple AirPods 4 Wireless Earbuds, Bluetooth Headphones, with Active Noise Cancellation, Adaptive Audio, Transparency Mode, Personalized Spatial Audio, USB-C Charging Case, Wireless Charging, H2 Chip
Status: IN STOCK (high)
Deal Price: $229.99
List Price: $249.00
URL       : https://www.amazon.ca/dp/B0DGJJKWW7
============================================================

HIGH CONFIDENCE – Sending SMS alert...
SMS sent successfully! MessageId: 094fb941-9423-51a9-a87f-d8eca838a303

2025-12-05 14:00:28 | Checking https://www.amazon.ca/dp/B0DGJJKWW7

============================================================
AMAZON.CA RESULT
============================================================
Product: Apple AirPods 4 Wireless Earbuds, Bluetooth Headphones, with Active Noise Cancellation, Adaptive Audio, Transparency Mode, Personalized Spatial Audio, USB-C Charging Case, Wireless Charging, H2 Chip
Status: OUT OF STOCK (high)
Deal Price: None
URL       : https://www.amazon.ca/dp/B0DGJJKWW7
============================================================

No high-confidence stock → No SMS

2025-12-05 16:06:53 | Checking https://www.amazon.ca/dp/B0DGJJKWW7

2025-12-05 16:15:13 | Checking https://www.amazon.ca/dp/B0DGJJKWW7

============================================================
AMAZON.CA RESULT
============================================================
Product: Apple AirPods 4 Wireless Earbuds, Bluetooth Headphones, with Active Noise Cancellation, Adaptive Audio, Transparency Mode, Personalized Spatial Audio, USB-C Charging Case, Wireless Charging, H2 Chip
Status: IN STOCK (high)
Deal Price: $229.99
List Price: $249.00
URL       : https://www.amazon.ca/dp/B0DGJJKWW7
============================================================

HIGH CONFIDENCE – Sending SMS alert...
SMS sent successfully! MessageId: e0aafc3a-e6c3-5f66-83eb-9d97911369fb

